<?xml version="1.0" encoding="UTF-8" ?>
<testsuites>
  <testsuite errors="0" failures="0" hostname="portatil" id="0" name="ByteTest" package="es.ubu.lsi.ejemplos" skipped="0" tests="16" time="0.174" timestamp="2014-03-30T16:05:03">
      <properties>
[...]
</properties>

      <testcase classname="es.ubu.lsi.ejemplos.ByteTest" name="constructorLongitudPequeñaPorUno" time="0.001" />

      <testcase classname="es.ubu.lsi.ejemplos.ByteTest" name="constructorLongitudPequeñaUnElemento" time="0.0" />

      <testcase classname="es.ubu.lsi.ejemplos.ByteTest" name="queNoPruebaNadaConstructor" time="0.0" />

      <testcase classname="es.ubu.lsi.ejemplos.ByteTest" name="queNoPruebaNada2" time="0.001" />

      <testcase classname="es.ubu.lsi.ejemplos.ByteTest" name="constructorLongitudGrandePorUno" time="0.0" />

      <testcase classname="es.ubu.lsi.ejemplos.ByteTest" name="constructorNoTieneTodosUnosYCerosConLetra" time="0.0" />

      <testcase classname="es.ubu.lsi.ejemplos.ByteTest" name="conversionHexTodoUnos" time="0.003" />

      <testcase classname="es.ubu.lsi.ejemplos.ByteTest" name="constructorSinContenido" time="0.0" />

      <testcase classname="es.ubu.lsi.ejemplos.ByteTest" name="constructorTodoCeros" time="0.0" />

      <testcase classname="es.ubu.lsi.ejemplos.ByteTest" name="constructorNoTieneTodosUnosYCeros" time="0.001" />

      <testcase classname="es.ubu.lsi.ejemplos.ByteTest" name="conversionHex4D" time="0.001" />

      <testcase classname="es.ubu.lsi.ejemplos.ByteTest" name="conversionHex9E" time="0.0" />

      <testcase classname="es.ubu.lsi.ejemplos.ByteTest" name="conversionHexA0" time="0.0" />

      <testcase classname="es.ubu.lsi.ejemplos.ByteTest" name="constructorTodoUnos" time="0.0" />

      <testcase classname="es.ubu.lsi.ejemplos.ByteTest" name="queNoPruebaNada" time="0.0" />

      <testcase classname="es.ubu.lsi.ejemplos.ByteTest" name="conversionHexTodoCeros" time="0.0" />

      <system-out><![CDATA[]]></system-out>

      <system-err><![CDATA[]]></system-err>

  </testsuite>
</testsuites>
