<?xml version="1.0" encoding="UTF-8" ?>
<testsuite failures="0" time="0.197" errors="0" skipped="0" tests="16" name="es.ubu.lsi.ejemplos.ByteTest">
  <properties>
[...]
</properties>
  <testcase time="0.047" classname="es.ubu.lsi.ejemplos.ByteTest" name="constructorLongitudPeque\u00F1aPorUno"/>
  <testcase time="0" classname="es.ubu.lsi.ejemplos.ByteTest" name="constructorLongitudPeque\u00F1aUnElemento"/>
  <testcase time="0" classname="es.ubu.lsi.ejemplos.ByteTest" name="queNoPruebaNadaConstructor"/>
  <testcase time="0" classname="es.ubu.lsi.ejemplos.ByteTest" name="queNoPruebaNada2"/>
  <testcase time="0" classname="es.ubu.lsi.ejemplos.ByteTest" name="constructorLongitudGrandePorUno"/>
  <testcase time="0" classname="es.ubu.lsi.ejemplos.ByteTest" name="constructorNoTieneTodosUnosYCerosConLetra"/>
  <testcase time="0.01" classname="es.ubu.lsi.ejemplos.ByteTest" name="conversionHexTodoUnos"/>
  <testcase time="0" classname="es.ubu.lsi.ejemplos.ByteTest" name="constructorSinContenido"/>
  <testcase time="0" classname="es.ubu.lsi.ejemplos.ByteTest" name="constructorTodoCeros"/>
  <testcase time="0" classname="es.ubu.lsi.ejemplos.ByteTest" name="constructorNoTieneTodosUnosYCeros"/>
  <testcase time="0" classname="es.ubu.lsi.ejemplos.ByteTest" name="conversionHex4D"/>
  <testcase time="0" classname="es.ubu.lsi.ejemplos.ByteTest" name="conversionHex9E"/>
  <testcase time="0" classname="es.ubu.lsi.ejemplos.ByteTest" name="conversionHexA0"/>
  <testcase time="0" classname="es.ubu.lsi.ejemplos.ByteTest" name="constructorTodoUnos"/>
  <testcase time="0" classname="es.ubu.lsi.ejemplos.ByteTest" name="queNoPruebaNada"/>
  <testcase time="0" classname="es.ubu.lsi.ejemplos.ByteTest" name="conversionHexTodoCeros"/>
</testsuite>